{"total": {"lines":{"total":157,"covered":130,"skipped":0,"pct":82.8},"statements":{"total":167,"covered":134,"skipped":0,"pct":80.23},"functions":{"total":26,"covered":23,"skipped":0,"pct":88.46},"branches":{"total":138,"covered":107,"skipped":0,"pct":77.53},"branchesTrue":{"total":0,"covered":0,"skipped":0,"pct":"Unknown"}}
,"D:\\VueJs\\Vue-Testing\\Vue-Test-Tools\\src\\components\\LoginForm.vue": {"lines":{"total":157,"covered":130,"skipped":0,"pct":82.8},"functions":{"total":26,"covered":23,"skipped":0,"pct":88.46},"statements":{"total":167,"covered":134,"skipped":0,"pct":80.23},"branches":{"total":138,"covered":107,"skipped":0,"pct":77.53}}
}
